Fri Jun 28 21:25:31 2024 [MATH] read, | ('mul', {'arg1': 5, 'arg2': 10})
Fri Jun 28 21:25:33 2024 [MATH] read, | ('mul', {'arg1': 5, 'arg2': 10})
Fri Jun 28 21:25:34 2024 [MATH] read, | ('mul', {'arg1': 5, 'arg2': 10})
Fri Jun 28 21:25:52 2024 [MATH] created, | ('add', {'arg1': 5, 'arg2': 10})
Fri Jun 28 21:25:57 2024 [MATH] created, | ('add', {'arg1': 5, 'arg2': 11})
Fri Jun 28 21:25:57 2024 [MATH] read, | ('add', {'arg1': 5, 'arg2': 11})
Fri Jun 28 21:29:38 2024 [MATH] created, | ('add', {'arg1': 5, 'arg2': 11})
Fri Jun 28 21:29:47 2024 [MATH] created, | ('sub', {'arg1': 5, 'arg2': 11})
Fri Jun 28 21:29:56 2024 [MATH] read, | ('sub', {'arg1': 5, 'arg2': 11})
Fri Jun 28 21:30:03 2024 [MATH] read, | ('sub', {'arg1': 5, 'arg2': 11})
Fri Jun 28 21:30:12 2024 [MATH] created, | ('sub', {'arg1': 5, 'arg2': 12})
Fri Jun 28 21:30:14 2024 [MATH] read, | ('sub', {'arg1': 5, 'arg2': 12})
Fri Jun 28 21:48:11 2024 [MATH] created, | ('sub', {'arg1': 5, 'arg2': 12})
Fri Jun 28 21:48:21 2024 [MATH] read, | ('sub', {'arg1': 5, 'arg2': 12})
Fri Jun 28 21:48:25 2024 [MATH] read, | ('sub', {'arg1': 5, 'arg2': 12})
Fri Jun 28 21:57:02 2024 [MATH] created, | ('sub', {'arg1': 5, 'arg2': 12})
Fri Jun 28 21:57:22 2024 [MATH] created, | ('sub', {'arg1': 5, 'arg2': 12})
Fri Jun 28 21:57:47 2024 [MATH] created, | ('sub', {'arg1': 5, 'arg2': 12})
Fri Jun 28 21:57:59 2024 [MATH] read, | ('sub', {'arg1': 5, 'arg2': 12})
Fri Jun 28 21:58:05 2024 [MATH] read, | ('sub', {'arg1': 5, 'arg2': 12})
Fri Jun 28 21:58:09 2024 [MATH] created, | ('sub', {'arg1': 5, 'arg2': 11})
Fri Jun 28 21:59:16 2024 [MATH] created, | ('sub', {'arg1': 5, 'arg2': 11})
Fri Jun 28 21:59:46 2024 [MATH] created, | ('sub', {'arg1': 5, 'arg2': 11})
Fri Jun 28 21:59:47 2024 [MATH] read, | ('sub', {'arg1': 5, 'arg2': 11})
Fri Jun 28 21:59:48 2024 [MATH] read, | ('sub', {'arg1': 5, 'arg2': 11})
Fri Jun 28 21:59:48 2024 [MATH] read, | ('sub', {'arg1': 5, 'arg2': 11})
Fri Jun 28 21:59:49 2024 [MATH] read, | ('sub', {'arg1': 5, 'arg2': 11})
Fri Jun 28 21:59:51 2024 [MATH] read, | ('sub', {'arg1': 5, 'arg2': 11})
Fri Jun 28 21:59:52 2024 [MATH] read, | ('sub', {'arg1': 5, 'arg2': 11})
Fri Jun 28 21:59:53 2024 [MATH] read, | ('sub', {'arg1': 5, 'arg2': 11})
Fri Jun 28 21:59:53 2024 [MATH] read, | ('sub', {'arg1': 5, 'arg2': 11})
Fri Jun 28 21:59:54 2024 [MATH] read, | ('sub', {'arg1': 5, 'arg2': 11})
Fri Jun 28 21:59:55 2024 [MATH] read, | ('sub', {'arg1': 5, 'arg2': 11})
Fri Jun 28 21:59:56 2024 [MATH] read, | ('sub', {'arg1': 5, 'arg2': 11})
Fri Jun 28 22:00:18 2024 [MATH] created, | ('sub', {'arg1': 5, 'arg2': 11})
Fri Jun 28 22:00:19 2024 [MATH] read, | ('sub', {'arg1': 5, 'arg2': 11})
Fri Jun 28 22:00:20 2024 [MATH] read, | ('sub', {'arg1': 5, 'arg2': 11})
Fri Jun 28 22:00:20 2024 [MATH] read, | ('sub', {'arg1': 5, 'arg2': 11})
Fri Jun 28 22:00:35 2024 [MATH] created, | ('sub', {'arg1': 5, 'arg2': 11})
Fri Jun 28 22:00:36 2024 [MATH] read, | ('sub', {'arg1': 5, 'arg2': 11})
Fri Jun 28 22:00:36 2024 [MATH] read, | ('sub', {'arg1': 5, 'arg2': 11})
Fri Jun 28 22:00:37 2024 [MATH] read, | ('sub', {'arg1': 5, 'arg2': 11})
Fri Jun 28 22:00:46 2024 [MATH] read, | ('sub', {'arg1': 5, 'arg2': 11})
Fri Jun 28 22:00:48 2024 [MATH] read, | ('sub', {'arg1': 5, 'arg2': 11})
Fri Jun 28 22:00:49 2024 [MATH] read, | ('sub', {'arg1': 5, 'arg2': 11})
Fri Jun 28 22:01:47 2024 [MATH] created, | ('sub', {'arg1': 5, 'arg2': 11})
Fri Jun 28 22:02:09 2024 [MATH] created, | ('sub', {'arg1': 5, 'arg2': 11})
Fri Jun 28 22:02:35 2024 [MATH] created, | ('sub', {'arg1': 5, 'arg2': 11})
Fri Jun 28 22:02:37 2024 [MATH] read, | ('sub', {'arg1': 5, 'arg2': 11})
Fri Jun 28 22:02:49 2024 [MATH] created, | ('sub', {'arg1': 5, 'arg2': 11})
Fri Jun 28 22:02:59 2024 [MATH] created, | ('sub', {'arg1': 5, 'arg2': 11})
